0 info it worked if it ends with ok
1 verbose cli [
1 verbose cli   'C:\\Program Files\\nodejs\\node.exe',
1 verbose cli   'C:\\Users\\adham\\AppData\\Roaming\\npm\\node_modules\\npm\\bin\\npm-cli.js',
1 verbose cli   'i',
1 verbose cli   'node'
1 verbose cli ]
2 info using npm@3.10.10
3 info using node@v12.13.1
4 silly loadCurrentTree Starting
5 silly install loadCurrentTree
6 silly install readLocalPackageData
7 silly fetchPackageMetaData node
8 silly fetchNamedPackageData node
9 silly mapToRegistry name node
10 silly mapToRegistry using default registry
11 silly mapToRegistry registry https://registry.npmjs.org/
12 silly mapToRegistry data Result {
12 silly mapToRegistry   raw: 'node',
12 silly mapToRegistry   scope: null,
12 silly mapToRegistry   escapedName: 'node',
12 silly mapToRegistry   name: 'node',
12 silly mapToRegistry   rawSpec: '',
12 silly mapToRegistry   spec: 'latest',
12 silly mapToRegistry   type: 'tag'
12 silly mapToRegistry }
13 silly mapToRegistry uri https://registry.npmjs.org/node
14 verbose request uri https://registry.npmjs.org/node
15 verbose request no auth needed
16 info attempt registry request try #1 at 16:28:18
17 verbose request id b8150401da577b64
18 http request GET https://registry.npmjs.org/node
19 http 200 https://registry.npmjs.org/node
20 verbose headers {
20 verbose headers   date: 'Wed, 08 Jan 2020 14:28:18 GMT',
20 verbose headers   'content-type': 'application/json',
20 verbose headers   'transfer-encoding': 'chunked',
20 verbose headers   connection: 'keep-alive',
20 verbose headers   'set-cookie': [
20 verbose headers     '__cfduid=d8a02911e6fbea3d50d5d4bc6db86bd211578493697; expires=Fri, 07-Feb-20 14:28:17 GMT; path=/; domain=.npmjs.org; HttpOnly; SameSite=Lax'
20 verbose headers   ],
20 verbose headers   'cf-ray': '551edb688b829e8b-ATH',
20 verbose headers   'cache-control': 'public, max-age=300',
20 verbose headers   etag: 'W/"660ae30e6a82de6fd3062d5db62a9f3a"',
20 verbose headers   'last-modified': 'Thu, 19 Dec 2019 04:17:45 GMT',
20 verbose headers   vary: 'accept-encoding, accept',
20 verbose headers   'cf-cache-status': 'REVALIDATED',
20 verbose headers   'expect-ct': 'max-age=604800, report-uri="https://report-uri.cloudflare.com/cdn-cgi/beacon/expect-ct"',
20 verbose headers   server: 'cloudflare',
20 verbose headers   'content-encoding': 'gzip'
20 verbose headers }
21 silly get cb [
21 silly get   200,
21 silly get   {
21 silly get     date: 'Wed, 08 Jan 2020 14:28:18 GMT',
21 silly get     'content-type': 'application/json',
21 silly get     'transfer-encoding': 'chunked',
21 silly get     connection: 'keep-alive',
21 silly get     'set-cookie': [
21 silly get       '__cfduid=d8a02911e6fbea3d50d5d4bc6db86bd211578493697; expires=Fri, 07-Feb-20 14:28:17 GMT; path=/; domain=.npmjs.org; HttpOnly; SameSite=Lax'
21 silly get     ],
21 silly get     'cf-ray': '551edb688b829e8b-ATH',
21 silly get     'cache-control': 'public, max-age=300',
21 silly get     etag: 'W/"660ae30e6a82de6fd3062d5db62a9f3a"',
21 silly get     'last-modified': 'Thu, 19 Dec 2019 04:17:45 GMT',
21 silly get     vary: 'accept-encoding, accept',
21 silly get     'cf-cache-status': 'REVALIDATED',
21 silly get     'expect-ct': 'max-age=604800, report-uri="https://report-uri.cloudflare.com/cdn-cgi/beacon/expect-ct"',
21 silly get     server: 'cloudflare',
21 silly get     'content-encoding': 'gzip'
21 silly get   }
21 silly get ]
22 verbose get saving node to C:\Users\adham\AppData\Roaming\npm-cache\registry.npmjs.org\node\.cache.json
23 verbose correctMkdir C:\Users\adham\AppData\Roaming\npm-cache correctMkdir not in flight; initializing
24 silly install normalizeTree
25 silly loadCurrentTree Finishing
26 silly loadIdealTree Starting
27 silly install loadIdealTree
28 silly cloneCurrentTree Starting
29 silly install cloneCurrentTreeToIdealTree
30 silly cloneCurrentTree Finishing
31 silly loadShrinkwrap Starting
32 silly install loadShrinkwrap
33 silly loadShrinkwrap Finishing
34 silly loadAllDepsIntoIdealTree Starting
35 silly install loadAllDepsIntoIdealTree
36 silly resolveWithNewModule node@13.5.0 checking installable status
37 silly cache add args [ 'node', null ]
38 verbose cache add spec node
39 silly cache add parsed spec Result {
39 silly cache add   raw: 'node',
39 silly cache add   scope: null,
39 silly cache add   escapedName: 'node',
39 silly cache add   name: 'node',
39 silly cache add   rawSpec: '',
39 silly cache add   spec: 'latest',
39 silly cache add   type: 'tag'
39 silly cache add }
40 silly addNamed node@latest
41 verbose addNamed "latest" is being treated as a dist-tag for node
42 info addNameTag [ 'node', 'latest' ]
43 silly mapToRegistry name node
44 silly mapToRegistry using default registry
45 silly mapToRegistry registry https://registry.npmjs.org/
46 silly mapToRegistry data Result {
46 silly mapToRegistry   raw: 'node',
46 silly mapToRegistry   scope: null,
46 silly mapToRegistry   escapedName: 'node',
46 silly mapToRegistry   name: 'node',
46 silly mapToRegistry   rawSpec: '',
46 silly mapToRegistry   spec: 'latest',
46 silly mapToRegistry   type: 'tag'
46 silly mapToRegistry }
47 silly mapToRegistry uri https://registry.npmjs.org/node
48 verbose addNameTag registry:https://registry.npmjs.org/node not in flight; fetching
49 verbose get https://registry.npmjs.org/node not expired, no request
50 silly addNameTag next cb for node with tag latest
51 silly addNamed node@13.5.0
52 verbose addNamed "13.5.0" is a plain semver version for node
53 silly mapToRegistry name node
54 silly mapToRegistry using default registry
55 silly mapToRegistry registry https://registry.npmjs.org/
56 silly mapToRegistry data Result {
56 silly mapToRegistry   raw: 'node',
56 silly mapToRegistry   scope: null,
56 silly mapToRegistry   escapedName: 'node',
56 silly mapToRegistry   name: 'node',
56 silly mapToRegistry   rawSpec: '',
56 silly mapToRegistry   spec: 'latest',
56 silly mapToRegistry   type: 'tag'
56 silly mapToRegistry }
57 silly mapToRegistry uri https://registry.npmjs.org/node
58 verbose addRemoteTarball https://registry.npmjs.org/node/-/node-13.5.0.tgz not in flight; adding
59 verbose addRemoteTarball [
59 verbose addRemoteTarball   'https://registry.npmjs.org/node/-/node-13.5.0.tgz',
59 verbose addRemoteTarball   '965763f1c92b7fd40aaaea4c3ebd0160a086aae1'
59 verbose addRemoteTarball ]
60 info retry fetch attempt 1 at 16:28:22
61 info attempt registry request try #1 at 16:28:22
62 http fetch GET https://registry.npmjs.org/node/-/node-13.5.0.tgz
63 http fetch 200 https://registry.npmjs.org/node/-/node-13.5.0.tgz
64 silly fetchAndShaCheck shasum 965763f1c92b7fd40aaaea4c3ebd0160a086aae1
65 verbose addTmpTarball C:\Users\adham\AppData\Local\Temp\npm-15744-a5a1a2ea\registry.npmjs.org\node\-\node-13.5.0.tgz not in flight; adding
66 verbose addTmpTarball already have metadata; skipping unpack for node@13.5.0
67 verbose correctMkdir C:\Users\adham\AppData\Roaming\npm-cache correctMkdir not in flight; initializing
68 silly cache afterAdd node@13.5.0
69 verbose afterAdd C:\Users\adham\AppData\Roaming\npm-cache\node\13.5.0\package\package.json not in flight; writing
70 verbose correctMkdir C:\Users\adham\AppData\Roaming\npm-cache correctMkdir not in flight; initializing
71 verbose afterAdd C:\Users\adham\AppData\Roaming\npm-cache\node\13.5.0\package\package.json written
72 silly fetchNamedPackageData node-bin-setup
73 silly mapToRegistry name node-bin-setup
74 silly mapToRegistry using default registry
75 silly mapToRegistry registry https://registry.npmjs.org/
76 silly mapToRegistry data Result {
76 silly mapToRegistry   raw: 'node-bin-setup',
76 silly mapToRegistry   scope: null,
76 silly mapToRegistry   escapedName: 'node-bin-setup',
76 silly mapToRegistry   name: 'node-bin-setup',
76 silly mapToRegistry   rawSpec: '',
76 silly mapToRegistry   spec: 'latest',
76 silly mapToRegistry   type: 'tag'
76 silly mapToRegistry }
77 silly mapToRegistry uri https://registry.npmjs.org/node-bin-setup
78 verbose request uri https://registry.npmjs.org/node-bin-setup
79 verbose request no auth needed
80 info attempt registry request try #1 at 16:28:22
81 http request GET https://registry.npmjs.org/node-bin-setup
82 http 200 https://registry.npmjs.org/node-bin-setup
83 verbose headers {
83 verbose headers   date: 'Wed, 08 Jan 2020 14:28:21 GMT',
83 verbose headers   'content-type': 'application/json; charset=UTF-8',
83 verbose headers   'transfer-encoding': 'chunked',
83 verbose headers   connection: 'keep-alive',
83 verbose headers   'set-cookie': [
83 verbose headers     '__cfduid=d4ad2f46926015a62b7c0e13c563d63261578493700; expires=Fri, 07-Feb-20 14:28:20 GMT; path=/; domain=.npmjs.org; HttpOnly; SameSite=Lax'
83 verbose headers   ],
83 verbose headers   'cf-ray': '551edb7f19339e8b-ATH',
83 verbose headers   'cache-control': 'public, max-age=300',
83 verbose headers   etag: 'W/"696d6ec470fda56a33885508a280edab"',
83 verbose headers   'last-modified': 'Sun, 27 May 2018 09:55:03 GMT',
83 verbose headers   vary: 'accept-encoding, accept',
83 verbose headers   'cf-cache-status': 'REVALIDATED',
83 verbose headers   'expect-ct': 'max-age=604800, report-uri="https://report-uri.cloudflare.com/cdn-cgi/beacon/expect-ct"',
83 verbose headers   server: 'cloudflare',
83 verbose headers   'content-encoding': 'gzip'
83 verbose headers }
84 silly get cb [
84 silly get   200,
84 silly get   {
84 silly get     date: 'Wed, 08 Jan 2020 14:28:21 GMT',
84 silly get     'content-type': 'application/json; charset=UTF-8',
84 silly get     'transfer-encoding': 'chunked',
84 silly get     connection: 'keep-alive',
84 silly get     'set-cookie': [
84 silly get       '__cfduid=d4ad2f46926015a62b7c0e13c563d63261578493700; expires=Fri, 07-Feb-20 14:28:20 GMT; path=/; domain=.npmjs.org; HttpOnly; SameSite=Lax'
84 silly get     ],
84 silly get     'cf-ray': '551edb7f19339e8b-ATH',
84 silly get     'cache-control': 'public, max-age=300',
84 silly get     etag: 'W/"696d6ec470fda56a33885508a280edab"',
84 silly get     'last-modified': 'Sun, 27 May 2018 09:55:03 GMT',
84 silly get     vary: 'accept-encoding, accept',
84 silly get     'cf-cache-status': 'REVALIDATED',
84 silly get     'expect-ct': 'max-age=604800, report-uri="https://report-uri.cloudflare.com/cdn-cgi/beacon/expect-ct"',
84 silly get     server: 'cloudflare',
84 silly get     'content-encoding': 'gzip'
84 silly get   }
84 silly get ]
85 verbose get saving node-bin-setup to C:\Users\adham\AppData\Roaming\npm-cache\registry.npmjs.org\node-bin-setup\.cache.json
86 verbose correctMkdir C:\Users\adham\AppData\Roaming\npm-cache correctMkdir not in flight; initializing
87 silly resolveWithNewModule node-bin-setup@1.0.6 checking installable status
88 silly cache add args [ 'node-bin-setup@^1.0.0', null ]
89 verbose cache add spec node-bin-setup@^1.0.0
90 silly cache add parsed spec Result {
90 silly cache add   raw: 'node-bin-setup@^1.0.0',
90 silly cache add   scope: null,
90 silly cache add   escapedName: 'node-bin-setup',
90 silly cache add   name: 'node-bin-setup',
90 silly cache add   rawSpec: '^1.0.0',
90 silly cache add   spec: '>=1.0.0 <2.0.0',
90 silly cache add   type: 'range'
90 silly cache add }
91 silly addNamed node-bin-setup@>=1.0.0 <2.0.0
92 verbose addNamed ">=1.0.0 <2.0.0" is a valid semver range for node-bin-setup
93 silly addNameRange { name: 'node-bin-setup', range: '>=1.0.0 <2.0.0', hasData: false }
94 silly mapToRegistry name node-bin-setup
95 silly mapToRegistry using default registry
96 silly mapToRegistry registry https://registry.npmjs.org/
97 silly mapToRegistry data Result {
97 silly mapToRegistry   raw: 'node-bin-setup',
97 silly mapToRegistry   scope: null,
97 silly mapToRegistry   escapedName: 'node-bin-setup',
97 silly mapToRegistry   name: 'node-bin-setup',
97 silly mapToRegistry   rawSpec: '',
97 silly mapToRegistry   spec: 'latest',
97 silly mapToRegistry   type: 'tag'
97 silly mapToRegistry }
98 silly mapToRegistry uri https://registry.npmjs.org/node-bin-setup
99 verbose addNameRange registry:https://registry.npmjs.org/node-bin-setup not in flight; fetching
100 verbose get https://registry.npmjs.org/node-bin-setup not expired, no request
101 silly addNameRange number 2 { name: 'node-bin-setup', range: '>=1.0.0 <2.0.0', hasData: true }
102 silly addNameRange versions [
102 silly addNameRange   'node-bin-setup',
102 silly addNameRange   [ '1.0.0', '1.0.1', '1.0.2', '1.0.3', '1.0.4', '1.0.6' ]
102 silly addNameRange ]
103 silly addNamed node-bin-setup@1.0.6
104 verbose addNamed "1.0.6" is a plain semver version for node-bin-setup
105 silly mapToRegistry name node-bin-setup
106 silly mapToRegistry using default registry
107 silly mapToRegistry registry https://registry.npmjs.org/
108 silly mapToRegistry data Result {
108 silly mapToRegistry   raw: 'node-bin-setup',
108 silly mapToRegistry   scope: null,
108 silly mapToRegistry   escapedName: 'node-bin-setup',
108 silly mapToRegistry   name: 'node-bin-setup',
108 silly mapToRegistry   rawSpec: '',
108 silly mapToRegistry   spec: 'latest',
108 silly mapToRegistry   type: 'tag'
108 silly mapToRegistry }
109 silly mapToRegistry uri https://registry.npmjs.org/node-bin-setup
110 verbose addRemoteTarball https://registry.npmjs.org/node-bin-setup/-/node-bin-setup-1.0.6.tgz not in flight; adding
111 verbose addRemoteTarball [
111 verbose addRemoteTarball   'https://registry.npmjs.org/node-bin-setup/-/node-bin-setup-1.0.6.tgz',
111 verbose addRemoteTarball   '4b5c9bb937ece702d7069b36ca78af4684677528'
111 verbose addRemoteTarball ]
112 info retry fetch attempt 1 at 16:28:23
113 info attempt registry request try #1 at 16:28:23
114 http fetch GET https://registry.npmjs.org/node-bin-setup/-/node-bin-setup-1.0.6.tgz
115 http fetch 200 https://registry.npmjs.org/node-bin-setup/-/node-bin-setup-1.0.6.tgz
116 silly fetchAndShaCheck shasum 4b5c9bb937ece702d7069b36ca78af4684677528
117 verbose addTmpTarball C:\Users\adham\AppData\Local\Temp\npm-15744-a5a1a2ea\registry.npmjs.org\node-bin-setup\-\node-bin-setup-1.0.6.tgz not in flight; adding
118 verbose addTmpTarball already have metadata; skipping unpack for node-bin-setup@1.0.6
119 verbose correctMkdir C:\Users\adham\AppData\Roaming\npm-cache correctMkdir not in flight; initializing
120 silly cache afterAdd node-bin-setup@1.0.6
121 verbose afterAdd C:\Users\adham\AppData\Roaming\npm-cache\node-bin-setup\1.0.6\package\package.json not in flight; writing
122 verbose correctMkdir C:\Users\adham\AppData\Roaming\npm-cache correctMkdir not in flight; initializing
123 verbose afterAdd C:\Users\adham\AppData\Roaming\npm-cache\node-bin-setup\1.0.6\package\package.json written
124 silly loadAllDepsIntoIdealTree Finishing
125 silly loadIdealTree Finishing
126 silly currentTree crudapp@1.0.0
126 silly currentTree +-- abbrev@1.1.1
126 silly currentTree +-- accepts@1.3.7
126 silly currentTree +-- ansi-regex@2.1.1
126 silly currentTree +-- aproba@1.2.0
126 silly currentTree +-- are-we-there-yet@1.1.5
126 silly currentTree +-- array-flatten@1.1.1
126 silly currentTree +-- balanced-match@1.0.0
126 silly currentTree +-- basic-auth@2.0.1
126 silly currentTree +-- bluebird@3.5.1
126 silly currentTree +-- body-parser@1.19.0
126 silly currentTree +-- bootstrap@4.4.1
126 silly currentTree +-- brace-expansion@1.1.11
126 silly currentTree +-- bson@1.1.3
126 silly currentTree +-- bytes@3.1.0
126 silly currentTree +-- chownr@1.1.3
126 silly currentTree +-- code-point-at@1.1.0
126 silly currentTree +-- concat-map@0.0.1
126 silly currentTree +-- connect-flash@0.1.1
126 silly currentTree +-- console-control-strings@1.1.0
126 silly currentTree +-- content-disposition@0.5.3
126 silly currentTree +-- content-type@1.0.4
126 silly currentTree +-- cookie-parser@1.4.4
126 silly currentTree | `-- cookie@0.3.1
126 silly currentTree +-- cookie-signature@1.0.6
126 silly currentTree +-- cookie@0.4.0
126 silly currentTree +-- core-util-is@1.0.2
126 silly currentTree +-- debug@2.6.9
126 silly currentTree +-- deep-extend@0.6.0
126 silly currentTree +-- delegates@1.0.0
126 silly currentTree +-- depd@1.1.2
126 silly currentTree +-- destroy@1.0.4
126 silly currentTree +-- detect-libc@1.0.3
126 silly currentTree +-- ee-first@1.1.1
126 silly currentTree +-- ejs@3.0.1
126 silly currentTree +-- encodeurl@1.0.2
126 silly currentTree +-- escape-html@1.0.3
126 silly currentTree +-- etag@1.8.1
126 silly currentTree +-- express-session@1.17.0
126 silly currentTree | +-- depd@2.0.0
126 silly currentTree | `-- safe-buffer@5.2.0
126 silly currentTree +-- express@4.17.1
126 silly currentTree +-- extend@3.0.2
126 silly currentTree +-- finalhandler@1.1.2
126 silly currentTree +-- forwarded@0.1.2
126 silly currentTree +-- fresh@0.5.2
126 silly currentTree +-- fs-minipass@1.2.7
126 silly currentTree +-- fs.realpath@1.0.0
126 silly currentTree +-- gauge@2.7.4
126 silly currentTree +-- glob@7.1.6
126 silly currentTree +-- has-unicode@2.0.1
126 silly currentTree +-- http-errors@1.7.2
126 silly currentTree +-- iconv-lite@0.4.24
126 silly currentTree +-- ignore-walk@3.0.3
126 silly currentTree +-- inflight@1.0.6
126 silly currentTree +-- inherits@2.0.3
126 silly currentTree +-- ini@1.3.5
126 silly currentTree +-- ipaddr.js@1.9.0
126 silly currentTree +-- is-fullwidth-code-point@1.0.0
126 silly currentTree +-- isarray@1.0.0
126 silly currentTree +-- jquery@3.4.1
126 silly currentTree +-- kareem@2.3.1
126 silly currentTree +-- media-typer@0.3.0
126 silly currentTree +-- memory-pager@1.5.0
126 silly currentTree +-- merge-descriptors@1.0.1
126 silly currentTree +-- methods@1.1.2
126 silly currentTree +-- mime-db@1.42.0
126 silly currentTree +-- mime-types@2.1.25
126 silly currentTree +-- mime@1.6.0
126 silly currentTree +-- minimatch@3.0.4
126 silly currentTree +-- minimist@0.0.8
126 silly currentTree +-- minipass@2.9.0
126 silly currentTree +-- minizlib@1.3.3
126 silly currentTree +-- mkdirp@0.5.1
126 silly currentTree +-- mongodb@3.4.1
126 silly currentTree +-- mongoose-auto-increment@5.0.1
126 silly currentTree +-- mongoose-legacy-pluralize@1.0.2
126 silly currentTree +-- mongoose@5.8.5
126 silly currentTree | `-- ms@2.1.2
126 silly currentTree +-- morgan@1.9.1
126 silly currentTree +-- mpath@0.6.0
126 silly currentTree +-- mquery@3.2.2
126 silly currentTree | `-- debug@3.1.0
126 silly currentTree +-- ms@2.0.0
126 silly currentTree +-- nan@2.14.0
126 silly currentTree +-- needle@2.4.0
126 silly currentTree | +-- debug@3.2.6
126 silly currentTree | `-- ms@2.1.2
126 silly currentTree +-- negotiator@0.6.2
126 silly currentTree +-- node-pre-gyp@0.13.0
126 silly currentTree +-- nopt@4.0.1
126 silly currentTree +-- npm-bundled@1.1.1
126 silly currentTree +-- npm-normalize-package-bin@1.0.1
126 silly currentTree +-- npm-packlist@1.4.7
126 silly currentTree +-- npmlog@4.1.2
126 silly currentTree +-- number-is-nan@1.0.1
126 silly currentTree +-- object-assign@4.1.1
126 silly currentTree +-- on-finished@2.3.0
126 silly currentTree +-- on-headers@1.0.2
126 silly currentTree +-- once@1.4.0
126 silly currentTree +-- os-homedir@1.0.2
126 silly currentTree +-- os-tmpdir@1.0.2
126 silly currentTree +-- osenv@0.1.5
126 silly currentTree +-- parseurl@1.3.3
126 silly currentTree +-- path-is-absolute@1.0.1
126 silly currentTree +-- path-to-regexp@0.1.7
126 silly currentTree +-- process-nextick-args@2.0.1
126 silly currentTree +-- proxy-addr@2.0.5
126 silly currentTree +-- qs@6.7.0
126 silly currentTree +-- random-bytes@1.0.0
126 silly currentTree +-- range-parser@1.2.1
126 silly currentTree +-- raw-body@2.4.0
126 silly currentTree +-- rc@1.2.8
126 silly currentTree | `-- minimist@1.2.0
126 silly currentTree +-- readable-stream@2.3.7
126 silly currentTree +-- regexp-clone@1.0.0
126 silly currentTree +-- require_optional@1.0.1
126 silly currentTree +-- resolve-from@2.0.0
126 silly currentTree +-- rimraf@2.7.1
126 silly currentTree +-- safe-buffer@5.1.2
126 silly currentTree +-- safer-buffer@2.1.2
126 silly currentTree +-- saslprep@1.0.3
126 silly currentTree +-- sax@1.2.4
126 silly currentTree +-- semver@5.7.1
126 silly currentTree +-- send@0.17.1
126 silly currentTree | `-- ms@2.1.1
126 silly currentTree +-- serve-static@1.14.1
126 silly currentTree +-- set-blocking@2.0.0
126 silly currentTree +-- setprototypeof@1.1.1
126 silly currentTree +-- sift@7.0.1
126 silly currentTree +-- signal-exit@3.0.2
126 silly currentTree +-- sliced@1.0.1
126 silly currentTree +-- sparse-bitfield@3.0.3
126 silly currentTree +-- statuses@1.5.0
126 silly currentTree +-- string_decoder@1.1.1
126 silly currentTree +-- string-width@1.0.2
126 silly currentTree +-- strip-ansi@3.0.1
126 silly currentTree +-- strip-json-comments@2.0.1
126 silly currentTree +-- tar@4.4.13
126 silly currentTree +-- toidentifier@1.0.0
126 silly currentTree +-- type-is@1.6.18
126 silly currentTree +-- uid-safe@2.1.5
126 silly currentTree +-- unpipe@1.0.0
126 silly currentTree +-- util-deprecate@1.0.2
126 silly currentTree +-- utils-merge@1.0.1
126 silly currentTree +-- vary@1.1.2
126 silly currentTree +-- wide-align@1.1.3
126 silly currentTree +-- wrappy@1.0.2
126 silly currentTree `-- yallist@3.1.1
127 silly idealTree crudapp@1.0.0
127 silly idealTree +-- abbrev@1.1.1
127 silly idealTree +-- accepts@1.3.7
127 silly idealTree +-- ansi-regex@2.1.1
127 silly idealTree +-- aproba@1.2.0
127 silly idealTree +-- are-we-there-yet@1.1.5
127 silly idealTree +-- array-flatten@1.1.1
127 silly idealTree +-- balanced-match@1.0.0
127 silly idealTree +-- basic-auth@2.0.1
127 silly idealTree +-- bluebird@3.5.1
127 silly idealTree +-- body-parser@1.19.0
127 silly idealTree +-- bootstrap@4.4.1
127 silly idealTree +-- brace-expansion@1.1.11
127 silly idealTree +-- bson@1.1.3
127 silly idealTree +-- bytes@3.1.0
127 silly idealTree +-- chownr@1.1.3
127 silly idealTree +-- code-point-at@1.1.0
127 silly idealTree +-- concat-map@0.0.1
127 silly idealTree +-- connect-flash@0.1.1
127 silly idealTree +-- console-control-strings@1.1.0
127 silly idealTree +-- content-disposition@0.5.3
127 silly idealTree +-- content-type@1.0.4
127 silly idealTree +-- cookie-parser@1.4.4
127 silly idealTree | `-- cookie@0.3.1
127 silly idealTree +-- cookie-signature@1.0.6
127 silly idealTree +-- cookie@0.4.0
127 silly idealTree +-- core-util-is@1.0.2
127 silly idealTree +-- debug@2.6.9
127 silly idealTree +-- deep-extend@0.6.0
127 silly idealTree +-- delegates@1.0.0
127 silly idealTree +-- depd@1.1.2
127 silly idealTree +-- destroy@1.0.4
127 silly idealTree +-- detect-libc@1.0.3
127 silly idealTree +-- ee-first@1.1.1
127 silly idealTree +-- ejs@3.0.1
127 silly idealTree +-- encodeurl@1.0.2
127 silly idealTree +-- escape-html@1.0.3
127 silly idealTree +-- etag@1.8.1
127 silly idealTree +-- express-session@1.17.0
127 silly idealTree | +-- depd@2.0.0
127 silly idealTree | `-- safe-buffer@5.2.0
127 silly idealTree +-- express@4.17.1
127 silly idealTree +-- extend@3.0.2
127 silly idealTree +-- finalhandler@1.1.2
127 silly idealTree +-- forwarded@0.1.2
127 silly idealTree +-- fresh@0.5.2
127 silly idealTree +-- fs-minipass@1.2.7
127 silly idealTree +-- fs.realpath@1.0.0
127 silly idealTree +-- gauge@2.7.4
127 silly idealTree +-- glob@7.1.6
127 silly idealTree +-- has-unicode@2.0.1
127 silly idealTree +-- http-errors@1.7.2
127 silly idealTree +-- iconv-lite@0.4.24
127 silly idealTree +-- ignore-walk@3.0.3
127 silly idealTree +-- inflight@1.0.6
127 silly idealTree +-- inherits@2.0.3
127 silly idealTree +-- ini@1.3.5
127 silly idealTree +-- ipaddr.js@1.9.0
127 silly idealTree +-- is-fullwidth-code-point@1.0.0
127 silly idealTree +-- isarray@1.0.0
127 silly idealTree +-- jquery@3.4.1
127 silly idealTree +-- kareem@2.3.1
127 silly idealTree +-- media-typer@0.3.0
127 silly idealTree +-- memory-pager@1.5.0
127 silly idealTree +-- merge-descriptors@1.0.1
127 silly idealTree +-- methods@1.1.2
127 silly idealTree +-- mime-db@1.42.0
127 silly idealTree +-- mime-types@2.1.25
127 silly idealTree +-- mime@1.6.0
127 silly idealTree +-- minimatch@3.0.4
127 silly idealTree +-- minimist@0.0.8
127 silly idealTree +-- minipass@2.9.0
127 silly idealTree +-- minizlib@1.3.3
127 silly idealTree +-- mkdirp@0.5.1
127 silly idealTree +-- mongodb@3.4.1
127 silly idealTree +-- mongoose-auto-increment@5.0.1
127 silly idealTree +-- mongoose-legacy-pluralize@1.0.2
127 silly idealTree +-- mongoose@5.8.5
127 silly idealTree | `-- ms@2.1.2
127 silly idealTree +-- morgan@1.9.1
127 silly idealTree +-- mpath@0.6.0
127 silly idealTree +-- mquery@3.2.2
127 silly idealTree | `-- debug@3.1.0
127 silly idealTree +-- ms@2.0.0
127 silly idealTree +-- nan@2.14.0
127 silly idealTree +-- needle@2.4.0
127 silly idealTree | +-- debug@3.2.6
127 silly idealTree | `-- ms@2.1.2
127 silly idealTree +-- negotiator@0.6.2
127 silly idealTree +-- node-bin-setup@1.0.6
127 silly idealTree +-- node-pre-gyp@0.13.0
127 silly idealTree +-- node@13.5.0
127 silly idealTree +-- nopt@4.0.1
127 silly idealTree +-- npm-bundled@1.1.1
127 silly idealTree +-- npm-normalize-package-bin@1.0.1
127 silly idealTree +-- npm-packlist@1.4.7
127 silly idealTree +-- npmlog@4.1.2
127 silly idealTree +-- number-is-nan@1.0.1
127 silly idealTree +-- object-assign@4.1.1
127 silly idealTree +-- on-finished@2.3.0
127 silly idealTree +-- on-headers@1.0.2
127 silly idealTree +-- once@1.4.0
127 silly idealTree +-- os-homedir@1.0.2
127 silly idealTree +-- os-tmpdir@1.0.2
127 silly idealTree +-- osenv@0.1.5
127 silly idealTree +-- parseurl@1.3.3
127 silly idealTree +-- path-is-absolute@1.0.1
127 silly idealTree +-- path-to-regexp@0.1.7
127 silly idealTree +-- process-nextick-args@2.0.1
127 silly idealTree +-- proxy-addr@2.0.5
127 silly idealTree +-- qs@6.7.0
127 silly idealTree +-- random-bytes@1.0.0
127 silly idealTree +-- range-parser@1.2.1
127 silly idealTree +-- raw-body@2.4.0
127 silly idealTree +-- rc@1.2.8
127 silly idealTree | `-- minimist@1.2.0
127 silly idealTree +-- readable-stream@2.3.7
127 silly idealTree +-- regexp-clone@1.0.0
127 silly idealTree +-- require_optional@1.0.1
127 silly idealTree +-- resolve-from@2.0.0
127 silly idealTree +-- rimraf@2.7.1
127 silly idealTree +-- safe-buffer@5.1.2
127 silly idealTree +-- safer-buffer@2.1.2
127 silly idealTree +-- saslprep@1.0.3
127 silly idealTree +-- sax@1.2.4
127 silly idealTree +-- semver@5.7.1
127 silly idealTree +-- send@0.17.1
127 silly idealTree | `-- ms@2.1.1
127 silly idealTree +-- serve-static@1.14.1
127 silly idealTree +-- set-blocking@2.0.0
127 silly idealTree +-- setprototypeof@1.1.1
127 silly idealTree +-- sift@7.0.1
127 silly idealTree +-- signal-exit@3.0.2
127 silly idealTree +-- sliced@1.0.1
127 silly idealTree +-- sparse-bitfield@3.0.3
127 silly idealTree +-- statuses@1.5.0
127 silly idealTree +-- string_decoder@1.1.1
127 silly idealTree +-- string-width@1.0.2
127 silly idealTree +-- strip-ansi@3.0.1
127 silly idealTree +-- strip-json-comments@2.0.1
127 silly idealTree +-- tar@4.4.13
127 silly idealTree +-- toidentifier@1.0.0
127 silly idealTree +-- type-is@1.6.18
127 silly idealTree +-- uid-safe@2.1.5
127 silly idealTree +-- unpipe@1.0.0
127 silly idealTree +-- util-deprecate@1.0.2
127 silly idealTree +-- utils-merge@1.0.1
127 silly idealTree +-- vary@1.1.2
127 silly idealTree +-- wide-align@1.1.3
127 silly idealTree +-- wrappy@1.0.2
127 silly idealTree `-- yallist@3.1.1
128 silly generateActionsToTake Starting
129 silly install generateActionsToTake
130 silly generateActionsToTake Finishing
131 silly diffTrees action count 2
132 silly diffTrees add node-bin-setup@1.0.6
133 silly diffTrees add node@13.5.0
134 silly decomposeActions action count 16
135 silly decomposeActions fetch node-bin-setup@1.0.6
136 silly decomposeActions extract node-bin-setup@1.0.6
137 silly decomposeActions test node-bin-setup@1.0.6
138 silly decomposeActions preinstall node-bin-setup@1.0.6
139 silly decomposeActions build node-bin-setup@1.0.6
140 silly decomposeActions install node-bin-setup@1.0.6
141 silly decomposeActions postinstall node-bin-setup@1.0.6
142 silly decomposeActions finalize node-bin-setup@1.0.6
143 silly decomposeActions fetch node@13.5.0
144 silly decomposeActions extract node@13.5.0
145 silly decomposeActions test node@13.5.0
146 silly decomposeActions preinstall node@13.5.0
147 silly decomposeActions build node@13.5.0
148 silly decomposeActions install node@13.5.0
149 silly decomposeActions postinstall node@13.5.0
150 silly decomposeActions finalize node@13.5.0
151 silly runTopLevelLifecycles Starting
152 silly executeActions Starting
153 silly install executeActions
154 silly doSerial global-install 0
155 silly doParallel fetch 2
156 verbose correctMkdir C:\Users\adham\AppData\Roaming\npm-cache\_locks correctMkdir not in flight; initializing
157 verbose lock using C:\Users\adham\AppData\Roaming\npm-cache\_locks\staging-87eff9cc4c52476b.lock for E:\ITI\Node.js\crudapp\node_modules\.staging
158 silly doParallel extract 2
159 silly extract node-bin-setup@1.0.6
160 silly extract node@13.5.0
161 verbose unbuild node_modules\.staging\node-bin-setup-47bc8d7d
162 verbose unbuild node_modules\.staging\node-a7e64010
163 silly gentlyRm E:\ITI\Node.js\crudapp\node_modules\.staging\node-bin-setup-47bc8d7d is being purged from base E:\ITI\Node.js\crudapp
164 verbose gentlyRm don't care about contents; nuking E:\ITI\Node.js\crudapp\node_modules\.staging\node-bin-setup-47bc8d7d
165 silly gentlyRm E:\ITI\Node.js\crudapp\node_modules\.staging\node-a7e64010 is being purged from base E:\ITI\Node.js\crudapp
166 verbose gentlyRm don't care about contents; nuking E:\ITI\Node.js\crudapp\node_modules\.staging\node-a7e64010
167 verbose tar unpack C:\Users\adham\AppData\Roaming\npm-cache\node-bin-setup\1.0.6\package.tgz
168 verbose tar unpacking to E:\ITI\Node.js\crudapp\node_modules\.staging\node-bin-setup-47bc8d7d
169 silly gentlyRm E:\ITI\Node.js\crudapp\node_modules\.staging\node-bin-setup-47bc8d7d is being purged
170 verbose gentlyRm don't care about contents; nuking E:\ITI\Node.js\crudapp\node_modules\.staging\node-bin-setup-47bc8d7d
171 verbose tar unpack C:\Users\adham\AppData\Roaming\npm-cache\node\13.5.0\package.tgz
172 verbose tar unpacking to E:\ITI\Node.js\crudapp\node_modules\.staging\node-a7e64010
173 silly gentlyRm E:\ITI\Node.js\crudapp\node_modules\.staging\node-a7e64010 is being purged
174 verbose gentlyRm don't care about contents; nuking E:\ITI\Node.js\crudapp\node_modules\.staging\node-a7e64010
175 silly gunzTarPerm modes [ '777', '666' ]
176 silly gunzTarPerm modes [ '777', '666' ]
177 silly gunzTarPerm extractEntry installArchSpecificPackage.js
178 silly gunzTarPerm modified mode [ 'installArchSpecificPackage.js', 420, 438 ]
179 silly gunzTarPerm extractEntry package.json
180 silly gunzTarPerm modified mode [ 'package.json', 420, 438 ]
181 silly gunzTarPerm extractEntry index.js
182 silly gunzTarPerm modified mode [ 'index.js', 420, 438 ]
183 silly gunzTarPerm extractEntry package.json
184 silly gunzTarPerm modified mode [ 'package.json', 420, 438 ]
185 silly gunzTarPerm extractEntry README.md
186 silly gunzTarPerm modified mode [ 'README.md', 420, 438 ]
187 silly gentlyRm E:\ITI\Node.js\crudapp\node_modules\.staging\node-bin-setup-47bc8d7d\node_modules is being purged
188 verbose gentlyRm don't care about contents; nuking E:\ITI\Node.js\crudapp\node_modules\.staging\node-bin-setup-47bc8d7d\node_modules
189 silly gentlyRm E:\ITI\Node.js\crudapp\node_modules\.staging\node-a7e64010\node_modules is being purged
190 verbose gentlyRm don't care about contents; nuking E:\ITI\Node.js\crudapp\node_modules\.staging\node-a7e64010\node_modules
191 silly doParallel preinstall 2
192 silly preinstall node-bin-setup@1.0.6 E:\ITI\Node.js\crudapp\node_modules\.staging\node-bin-setup-47bc8d7d
193 info lifecycle node-bin-setup@1.0.6~preinstall: node-bin-setup@1.0.6
194 silly preinstall node@13.5.0 E:\ITI\Node.js\crudapp\node_modules\.staging\node-a7e64010
195 info lifecycle node@13.5.0~preinstall: node@13.5.0
196 verbose lifecycle node@13.5.0~preinstall: unsafe-perm in lifecycle true
197 verbose lifecycle node@13.5.0~preinstall: PATH: C:\Users\adham\AppData\Roaming\npm\node_modules\npm\bin\node-gyp-bin;E:\ITI\Node.js\crudapp\node_modules\.staging\node-a7e64010\node_modules\.bin;E:\ITI\Node.js\crudapp\node_modules\.bin;C:\Program Files (x86)\Common Files\Oracle\Java\javapath;C:\Python27\;C:\Python27\Scripts;C:\Windows\system32;C:\Windows;C:\Windows\System32\Wbem;C:\Windows\System32\WindowsPowerShell\v1.0\;C:\Windows\System32\OpenSSH\;C:\Program Files (x86)\Brackets\command;C:\Program Files\nodejs\;C:\ProgramData\chocolatey\bin;C:\Program Files\Git\cmd;C:\Program Files\MongoDB\Server\4.0\bin;C:\Users\adham\AppData\Local\Microsoft\WindowsApps;;C:\Users\adham\AppData\Roaming\npm;C:\Users\adham\AppData\Local\Programs\Microsoft VS Code\bin;C:\AppServ\Apache24\bin;C:\AppServ\php7;C:\AppServ\MySQL\bin
198 verbose lifecycle node@13.5.0~preinstall: CWD: E:\ITI\Node.js\crudapp\node_modules\.staging\node-a7e64010
199 silly lifecycle node@13.5.0~preinstall: Args: [ '/d /s /c', 'node installArchSpecificPackage' ]
200 silly lifecycle node-bin-setup@1.0.6~preinstall: no script for preinstall, continuing
201 silly lifecycle node@13.5.0~preinstall: Returned: code: 1  signal: null
202 info lifecycle node@13.5.0~preinstall: Failed to exec preinstall script
203 verbose unlock done using C:\Users\adham\AppData\Roaming\npm-cache\_locks\staging-87eff9cc4c52476b.lock for E:\ITI\Node.js\crudapp\node_modules\.staging
204 silly rollbackFailedOptional Starting
205 silly rollbackFailedOptional Finishing
206 silly runTopLevelLifecycles Finishing
207 silly install printInstalled
208 warn bootstrap@4.4.1 requires a peer of popper.js@^1.16.0 but none was installed.
209 verbose If you need help, you may report this error at:
209 verbose     <https://github.com/npm/npm/issues>
210 warn mongoose-auto-increment@5.0.1 requires a peer of mongoose@^4.1.12 but none was installed.
211 verbose If you need help, you may report this error at:
211 verbose     <https://github.com/npm/npm/issues>
212 warn crudapp@1.0.0 No description
213 verbose If you need help, you may report this error at:
213 verbose     <https://github.com/npm/npm/issues>
214 warn crudapp@1.0.0 No repository field.
215 verbose If you need help, you may report this error at:
215 verbose     <https://github.com/npm/npm/issues>
216 verbose stack Error: node@13.5.0 preinstall: `node installArchSpecificPackage`
216 verbose stack Exit status 1
216 verbose stack     at EventEmitter.<anonymous> (C:\Users\adham\AppData\Roaming\npm\node_modules\npm\lib\utils\lifecycle.js:255:16)
216 verbose stack     at EventEmitter.emit (events.js:210:5)
216 verbose stack     at ChildProcess.<anonymous> (C:\Users\adham\AppData\Roaming\npm\node_modules\npm\lib\utils\spawn.js:40:14)
216 verbose stack     at ChildProcess.emit (events.js:210:5)
216 verbose stack     at maybeClose (internal/child_process.js:1021:16)
216 verbose stack     at Process.ChildProcess._handle.onexit (internal/child_process.js:283:5)
217 verbose pkgid node@13.5.0
218 verbose cwd E:\ITI\Node.js\crudapp
219 error Windows_NT 10.0.17133
220 error argv "C:\\Program Files\\nodejs\\node.exe" "C:\\Users\\adham\\AppData\\Roaming\\npm\\node_modules\\npm\\bin\\npm-cli.js" "i" "node"
221 error node v12.13.1
222 error npm  v3.10.10
223 error code ELIFECYCLE
224 error node@13.5.0 preinstall: `node installArchSpecificPackage`
224 error Exit status 1
225 error Failed at the node@13.5.0 preinstall script 'node installArchSpecificPackage'.
225 error Make sure you have the latest version of node.js and npm installed.
225 error If you do, this is most likely a problem with the node package,
225 error not with npm itself.
225 error Tell the author that this fails on your system:
225 error     node installArchSpecificPackage
225 error You can get information on how to open an issue for this project with:
225 error     npm bugs node
225 error Or if that isn't available, you can get their info via:
225 error     npm owner ls node
225 error There is likely additional logging output above.
226 verbose exit [ 1, true ]
